<?xml version="1.0" encoding="UTF-8"?>
<testsuite xmlns:xsi="http://www.w3.org/2001/XMLSchema-instance" xsi:noNamespaceSchemaLocation="https://maven.apache.org/surefire/maven-surefire-plugin/xsd/surefire-test-report.xsd" name="org.example.RunCukesTest" time="26.707" tests="24" errors="8" skipped="8" failures="0">
  <properties>
[...]
</properties>
  <testcase name="Given I am on homepage" classname="| female | Riya | Menon | 23/3/1980 | rm16@yahoo.com | abcdef | abcdef |" time="0.001"/>
  <testcase name="When I click on register button" classname="| female | Riya | Menon | 23/3/1980 | rm16@yahoo.com | abcdef | abcdef |" time="0"/>
  <testcase name="And I enter following details for registration" classname="| female | Riya | Menon | 23/3/1980 | rm16@yahoo.com | abcdef | abcdef |" time="0.009">
    <error message="invalid selector: Unable to locate an element with the xpath expression //div[@class=inputs date-of-birth] because of the following error:&#10;SyntaxError: Failed to execute &apos;evaluate&apos; on &apos;Document&apos;: The string &apos;//div[@class=inputs date-of-birth]&apos; is not a valid XPath expression.&#10;  (Session info: chrome=113.0.5672.127)&#10;For documentation on this error, please visit: http://seleniumhq.org/exceptions/invalid_selector_exception.html&#10;Build info: version: &apos;3.14.0&apos;, revision: &apos;aacccce0&apos;, time: &apos;2018-08-02T20:19:58.91Z&apos;&#10;System info: host: &apos;BHUMI&apos;, ip: &apos;192.168.0.121&apos;, os.name: &apos;Windows 11&apos;, os.arch: &apos;amd64&apos;, os.version: &apos;10.0&apos;, java.version: &apos;1.8.0_352&apos;&#10;Driver info: org.openqa.selenium.chrome.ChromeDriver&#10;Capabilities {acceptInsecureCerts: false, browserName: chrome, browserVersion: 113.0.5672.127, chrome: {chromedriverVersion: 113.0.5672.63 (0e1a4471d5ae..., userDataDir: C:\Users\sutha\AppData\Loca...}, goog:chromeOptions: {debuggerAddress: localhost:51661}, javascriptEnabled: true, networkConnectionEnabled: false, pageLoadStrategy: normal, platform: WINDOWS, platformName: WINDOWS, proxy: Proxy(), setWindowRect: true, strictFileInteractability: false, timeouts: {implicit: 0, pageLoad: 300000, script: 30000}, unhandledPromptBehavior: dismiss and notify, webauthn:extension:credBlob: true, webauthn:extension:largeBlob: true, webauthn:extension:minPinLength: true, webauthn:extension:prf: true, webauthn:virtualAuthenticators: true}&#10;Session ID: 1ce9687e373ba323bbee55e59af42477&#10;*** Element info: {Using=xpath, value=//div[@class=inputs date-of-birth]}" type="org.openqa.selenium.InvalidSelectorException">org.openqa.selenium.InvalidSelectorException: 
invalid selector: Unable to locate an element with the xpath expression //div[@class=inputs date-of-birth] because of the following error:
SyntaxError: Failed to execute 'evaluate' on 'Document': The string '//div[@class=inputs date-of-birth]' is not a valid XPath expression.
  (Session info: chrome=113.0.5672.127)
For documentation on this error, please visit: http://seleniumhq.org/exceptions/invalid_selector_exception.html
Build info: version: '3.14.0', revision: 'aacccce0', time: '2018-08-02T20:19:58.91Z'
System info: host: 'BHUMI', ip: '192.168.0.121', os.name: 'Windows 11', os.arch: 'amd64', os.version: '10.0', java.version: '1.8.0_352'
Driver info: org.openqa.selenium.chrome.ChromeDriver
Capabilities {acceptInsecureCerts: false, browserName: chrome, browserVersion: 113.0.5672.127, chrome: {chromedriverVersion: 113.0.5672.63 (0e1a4471d5ae..., userDataDir: C:\Users\sutha\AppData\Loca...}, goog:chromeOptions: {debuggerAddress: localhost:51661}, javascriptEnabled: true, networkConnectionEnabled: false, pageLoadStrategy: normal, platform: WINDOWS, platformName: WINDOWS, proxy: Proxy(), setWindowRect: true, strictFileInteractability: false, timeouts: {implicit: 0, pageLoad: 300000, script: 30000}, unhandledPromptBehavior: dismiss and notify, webauthn:extension:credBlob: true, webauthn:extension:largeBlob: true, webauthn:extension:minPinLength: true, webauthn:extension:prf: true, webauthn:virtualAuthenticators: true}
Session ID: 1ce9687e373ba323bbee55e59af42477
*** Element info: {Using=xpath, value=//div[@class=inputs date-of-birth]}
</error>
    <system-out><![CDATA[[{gender=female, firstName=Riya, lastName=Menon, dateOfBirth=23/3/1980, email=rm16@yahoo.com, password=abcdef, confirmPassword=abcdef}]
      | gender | firstName | lastName | dateOfBirth | email          | password | confirmPassword |
      | female | Riya      | Menon    | 23/3/1980   | rm16@yahoo.com | abcdef   | abcdef          |

]]></system-out>
  </testcase>
  <testcase name="| female | Riya | Menon | 23/3/1980 | rm16@yahoo.com | abcdef | abcdef |" classname="| female | Riya | Menon | 23/3/1980 | rm16@yahoo.com | abcdef | abcdef |" time="0.009">
    <error message="invalid selector: Unable to locate an element with the xpath expression //div[@class=inputs date-of-birth] because of the following error:&#10;SyntaxError: Failed to execute &apos;evaluate&apos; on &apos;Document&apos;: The string &apos;//div[@class=inputs date-of-birth]&apos; is not a valid XPath expression.&#10;  (Session info: chrome=113.0.5672.127)&#10;For documentation on this error, please visit: http://seleniumhq.org/exceptions/invalid_selector_exception.html&#10;Build info: version: &apos;3.14.0&apos;, revision: &apos;aacccce0&apos;, time: &apos;2018-08-02T20:19:58.91Z&apos;&#10;System info: host: &apos;BHUMI&apos;, ip: &apos;192.168.0.121&apos;, os.name: &apos;Windows 11&apos;, os.arch: &apos;amd64&apos;, os.version: &apos;10.0&apos;, java.version: &apos;1.8.0_352&apos;&#10;Driver info: org.openqa.selenium.chrome.ChromeDriver&#10;Capabilities {acceptInsecureCerts: false, browserName: chrome, browserVersion: 113.0.5672.127, chrome: {chromedriverVersion: 113.0.5672.63 (0e1a4471d5ae..., userDataDir: C:\Users\sutha\AppData\Loca...}, goog:chromeOptions: {debuggerAddress: localhost:51661}, javascriptEnabled: true, networkConnectionEnabled: false, pageLoadStrategy: normal, platform: WINDOWS, platformName: WINDOWS, proxy: Proxy(), setWindowRect: true, strictFileInteractability: false, timeouts: {implicit: 0, pageLoad: 300000, script: 30000}, unhandledPromptBehavior: dismiss and notify, webauthn:extension:credBlob: true, webauthn:extension:largeBlob: true, webauthn:extension:minPinLength: true, webauthn:extension:prf: true, webauthn:virtualAuthenticators: true}&#10;Session ID: 1ce9687e373ba323bbee55e59af42477&#10;*** Element info: {Using=xpath, value=//div[@class=inputs date-of-birth]}" type="org.openqa.selenium.InvalidSelectorException">org.openqa.selenium.InvalidSelectorException: 
invalid selector: Unable to locate an element with the xpath expression //div[@class=inputs date-of-birth] because of the following error:
SyntaxError: Failed to execute 'evaluate' on 'Document': The string '//div[@class=inputs date-of-birth]' is not a valid XPath expression.
  (Session info: chrome=113.0.5672.127)
For documentation on this error, please visit: http://seleniumhq.org/exceptions/invalid_selector_exception.html
Build info: version: '3.14.0', revision: 'aacccce0', time: '2018-08-02T20:19:58.91Z'
System info: host: 'BHUMI', ip: '192.168.0.121', os.name: 'Windows 11', os.arch: 'amd64', os.version: '10.0', java.version: '1.8.0_352'
Driver info: org.openqa.selenium.chrome.ChromeDriver
Capabilities {acceptInsecureCerts: false, browserName: chrome, browserVersion: 113.0.5672.127, chrome: {chromedriverVersion: 113.0.5672.63 (0e1a4471d5ae..., userDataDir: C:\Users\sutha\AppData\Loca...}, goog:chromeOptions: {debuggerAddress: localhost:51661}, javascriptEnabled: true, networkConnectionEnabled: false, pageLoadStrategy: normal, platform: WINDOWS, platformName: WINDOWS, proxy: Proxy(), setWindowRect: true, strictFileInteractability: false, timeouts: {implicit: 0, pageLoad: 300000, script: 30000}, unhandledPromptBehavior: dismiss and notify, webauthn:extension:credBlob: true, webauthn:extension:largeBlob: true, webauthn:extension:minPinLength: true, webauthn:extension:prf: true, webauthn:virtualAuthenticators: true}
Session ID: 1ce9687e373ba323bbee55e59af42477
*** Element info: {Using=xpath, value=//div[@class=inputs date-of-birth]}
</error>
  </testcase>
  <testcase name="And I click on register button" classname="| female | Riya | Menon | 23/3/1980 | rm16@yahoo.com | abcdef | abcdef |" time="0">
    <skipped/>
  </testcase>
  <testcase name="Then I should see continue button &amp; text &quot;Your registration completed&quot;" classname="| female | Riya | Menon | 23/3/1980 | rm16@yahoo.com | abcdef | abcdef |" time="0">
    <skipped/>
  </testcase>
  <testcase name="Given I am on homepage" classname="| male | Viral | Vyas | 25/4/1985 | vyas45@gmail.com | 123456 | 123456 |" time="0"/>
  <testcase name="When I click on register button" classname="| male | Viral | Vyas | 25/4/1985 | vyas45@gmail.com | 123456 | 123456 |" time="0"/>
  <testcase name="And I enter following details for registration" classname="| male | Viral | Vyas | 25/4/1985 | vyas45@gmail.com | 123456 | 123456 |" time="0">
    <error message="invalid selector: Unable to locate an element with the xpath expression //div[@class=inputs date-of-birth] because of the following error:&#10;SyntaxError: Failed to execute &apos;evaluate&apos; on &apos;Document&apos;: The string &apos;//div[@class=inputs date-of-birth]&apos; is not a valid XPath expression.&#10;  (Session info: chrome=113.0.5672.127)&#10;For documentation on this error, please visit: http://seleniumhq.org/exceptions/invalid_selector_exception.html&#10;Build info: version: &apos;3.14.0&apos;, revision: &apos;aacccce0&apos;, time: &apos;2018-08-02T20:19:58.91Z&apos;&#10;System info: host: &apos;BHUMI&apos;, ip: &apos;192.168.0.121&apos;, os.name: &apos;Windows 11&apos;, os.arch: &apos;amd64&apos;, os.version: &apos;10.0&apos;, java.version: &apos;1.8.0_352&apos;&#10;Driver info: org.openqa.selenium.chrome.ChromeDriver&#10;Capabilities {acceptInsecureCerts: false, browserName: chrome, browserVersion: 113.0.5672.127, chrome: {chromedriverVersion: 113.0.5672.63 (0e1a4471d5ae..., userDataDir: C:\Users\sutha\AppData\Loca...}, goog:chromeOptions: {debuggerAddress: localhost:51683}, javascriptEnabled: true, networkConnectionEnabled: false, pageLoadStrategy: normal, platform: WINDOWS, platformName: WINDOWS, proxy: Proxy(), setWindowRect: true, strictFileInteractability: false, timeouts: {implicit: 0, pageLoad: 300000, script: 30000}, unhandledPromptBehavior: dismiss and notify, webauthn:extension:credBlob: true, webauthn:extension:largeBlob: true, webauthn:extension:minPinLength: true, webauthn:extension:prf: true, webauthn:virtualAuthenticators: true}&#10;Session ID: 6abce18aa012bb24e08bbbecc74bb7e5&#10;*** Element info: {Using=xpath, value=//div[@class=inputs date-of-birth]}" type="org.openqa.selenium.InvalidSelectorException">org.openqa.selenium.InvalidSelectorException: 
invalid selector: Unable to locate an element with the xpath expression //div[@class=inputs date-of-birth] because of the following error:
SyntaxError: Failed to execute 'evaluate' on 'Document': The string '//div[@class=inputs date-of-birth]' is not a valid XPath expression.
  (Session info: chrome=113.0.5672.127)
For documentation on this error, please visit: http://seleniumhq.org/exceptions/invalid_selector_exception.html
Build info: version: '3.14.0', revision: 'aacccce0', time: '2018-08-02T20:19:58.91Z'
System info: host: 'BHUMI', ip: '192.168.0.121', os.name: 'Windows 11', os.arch: 'amd64', os.version: '10.0', java.version: '1.8.0_352'
Driver info: org.openqa.selenium.chrome.ChromeDriver
Capabilities {acceptInsecureCerts: false, browserName: chrome, browserVersion: 113.0.5672.127, chrome: {chromedriverVersion: 113.0.5672.63 (0e1a4471d5ae..., userDataDir: C:\Users\sutha\AppData\Loca...}, goog:chromeOptions: {debuggerAddress: localhost:51683}, javascriptEnabled: true, networkConnectionEnabled: false, pageLoadStrategy: normal, platform: WINDOWS, platformName: WINDOWS, proxy: Proxy(), setWindowRect: true, strictFileInteractability: false, timeouts: {implicit: 0, pageLoad: 300000, script: 30000}, unhandledPromptBehavior: dismiss and notify, webauthn:extension:credBlob: true, webauthn:extension:largeBlob: true, webauthn:extension:minPinLength: true, webauthn:extension:prf: true, webauthn:virtualAuthenticators: true}
Session ID: 6abce18aa012bb24e08bbbecc74bb7e5
*** Element info: {Using=xpath, value=//div[@class=inputs date-of-birth]}
</error>
    <system-out><![CDATA[[{gender=male, firstName=Viral, lastName=Vyas, dateOfBirth=25/4/1985, email=vyas45@gmail.com, password=123456, confirmPassword=123456}]
      | gender | firstName | lastName | dateOfBirth | email            | password | confirmPassword |
      | male   | Viral     | Vyas     | 25/4/1985   | vyas45@gmail.com | 123456   | 123456          |

]]></system-out>
  </testcase>
  <testcase name="| male | Viral | Vyas | 25/4/1985 | vyas45@gmail.com | 123456 | 123456 |" classname="| male | Viral | Vyas | 25/4/1985 | vyas45@gmail.com | 123456 | 123456 |" time="0.001">
    <error message="invalid selector: Unable to locate an element with the xpath expression //div[@class=inputs date-of-birth] because of the following error:&#10;SyntaxError: Failed to execute &apos;evaluate&apos; on &apos;Document&apos;: The string &apos;//div[@class=inputs date-of-birth]&apos; is not a valid XPath expression.&#10;  (Session info: chrome=113.0.5672.127)&#10;For documentation on this error, please visit: http://seleniumhq.org/exceptions/invalid_selector_exception.html&#10;Build info: version: &apos;3.14.0&apos;, revision: &apos;aacccce0&apos;, time: &apos;2018-08-02T20:19:58.91Z&apos;&#10;System info: host: &apos;BHUMI&apos;, ip: &apos;192.168.0.121&apos;, os.name: &apos;Windows 11&apos;, os.arch: &apos;amd64&apos;, os.version: &apos;10.0&apos;, java.version: &apos;1.8.0_352&apos;&#10;Driver info: org.openqa.selenium.chrome.ChromeDriver&#10;Capabilities {acceptInsecureCerts: false, browserName: chrome, browserVersion: 113.0.5672.127, chrome: {chromedriverVersion: 113.0.5672.63 (0e1a4471d5ae..., userDataDir: C:\Users\sutha\AppData\Loca...}, goog:chromeOptions: {debuggerAddress: localhost:51683}, javascriptEnabled: true, networkConnectionEnabled: false, pageLoadStrategy: normal, platform: WINDOWS, platformName: WINDOWS, proxy: Proxy(), setWindowRect: true, strictFileInteractability: false, timeouts: {implicit: 0, pageLoad: 300000, script: 30000}, unhandledPromptBehavior: dismiss and notify, webauthn:extension:credBlob: true, webauthn:extension:largeBlob: true, webauthn:extension:minPinLength: true, webauthn:extension:prf: true, webauthn:virtualAuthenticators: true}&#10;Session ID: 6abce18aa012bb24e08bbbecc74bb7e5&#10;*** Element info: {Using=xpath, value=//div[@class=inputs date-of-birth]}" type="org.openqa.selenium.InvalidSelectorException">org.openqa.selenium.InvalidSelectorException: 
invalid selector: Unable to locate an element with the xpath expression //div[@class=inputs date-of-birth] because of the following error:
SyntaxError: Failed to execute 'evaluate' on 'Document': The string '//div[@class=inputs date-of-birth]' is not a valid XPath expression.
  (Session info: chrome=113.0.5672.127)
For documentation on this error, please visit: http://seleniumhq.org/exceptions/invalid_selector_exception.html
Build info: version: '3.14.0', revision: 'aacccce0', time: '2018-08-02T20:19:58.91Z'
System info: host: 'BHUMI', ip: '192.168.0.121', os.name: 'Windows 11', os.arch: 'amd64', os.version: '10.0', java.version: '1.8.0_352'
Driver info: org.openqa.selenium.chrome.ChromeDriver
Capabilities {acceptInsecureCerts: false, browserName: chrome, browserVersion: 113.0.5672.127, chrome: {chromedriverVersion: 113.0.5672.63 (0e1a4471d5ae..., userDataDir: C:\Users\sutha\AppData\Loca...}, goog:chromeOptions: {debuggerAddress: localhost:51683}, javascriptEnabled: true, networkConnectionEnabled: false, pageLoadStrategy: normal, platform: WINDOWS, platformName: WINDOWS, proxy: Proxy(), setWindowRect: true, strictFileInteractability: false, timeouts: {implicit: 0, pageLoad: 300000, script: 30000}, unhandledPromptBehavior: dismiss and notify, webauthn:extension:credBlob: true, webauthn:extension:largeBlob: true, webauthn:extension:minPinLength: true, webauthn:extension:prf: true, webauthn:virtualAuthenticators: true}
Session ID: 6abce18aa012bb24e08bbbecc74bb7e5
*** Element info: {Using=xpath, value=//div[@class=inputs date-of-birth]}
</error>
  </testcase>
  <testcase name="And I click on register button" classname="| male | Viral | Vyas | 25/4/1985 | vyas45@gmail.com | 123456 | 123456 |" time="0">
    <skipped/>
  </testcase>
  <testcase name="Then I should see continue button &amp; text &quot;Your registration completed&quot;" classname="| male | Viral | Vyas | 25/4/1985 | vyas45@gmail.com | 123456 | 123456 |" time="0">
    <skipped/>
  </testcase>
  <testcase name="Given I am on homepage" classname="| male | Nitin | Patel | 12/6/1976 | nit65@hotmail.com | ab12cd | ab12cd |" time="0"/>
  <testcase name="When I click on register button" classname="| male | Nitin | Patel | 12/6/1976 | nit65@hotmail.com | ab12cd | ab12cd |" time="0"/>
  <testcase name="And I enter following details for registration" classname="| male | Nitin | Patel | 12/6/1976 | nit65@hotmail.com | ab12cd | ab12cd |" time="0.002">
    <error message="invalid selector: Unable to locate an element with the xpath expression //div[@class=inputs date-of-birth] because of the following error:&#10;SyntaxError: Failed to execute &apos;evaluate&apos; on &apos;Document&apos;: The string &apos;//div[@class=inputs date-of-birth]&apos; is not a valid XPath expression.&#10;  (Session info: chrome=113.0.5672.127)&#10;For documentation on this error, please visit: http://seleniumhq.org/exceptions/invalid_selector_exception.html&#10;Build info: version: &apos;3.14.0&apos;, revision: &apos;aacccce0&apos;, time: &apos;2018-08-02T20:19:58.91Z&apos;&#10;System info: host: &apos;BHUMI&apos;, ip: &apos;192.168.0.121&apos;, os.name: &apos;Windows 11&apos;, os.arch: &apos;amd64&apos;, os.version: &apos;10.0&apos;, java.version: &apos;1.8.0_352&apos;&#10;Driver info: org.openqa.selenium.chrome.ChromeDriver&#10;Capabilities {acceptInsecureCerts: false, browserName: chrome, browserVersion: 113.0.5672.127, chrome: {chromedriverVersion: 113.0.5672.63 (0e1a4471d5ae..., userDataDir: C:\Users\sutha\AppData\Loca...}, goog:chromeOptions: {debuggerAddress: localhost:51704}, javascriptEnabled: true, networkConnectionEnabled: false, pageLoadStrategy: normal, platform: WINDOWS, platformName: WINDOWS, proxy: Proxy(), setWindowRect: true, strictFileInteractability: false, timeouts: {implicit: 0, pageLoad: 300000, script: 30000}, unhandledPromptBehavior: dismiss and notify, webauthn:extension:credBlob: true, webauthn:extension:largeBlob: true, webauthn:extension:minPinLength: true, webauthn:extension:prf: true, webauthn:virtualAuthenticators: true}&#10;Session ID: 0083a2ea95530e89e0bfb32de0c17386&#10;*** Element info: {Using=xpath, value=//div[@class=inputs date-of-birth]}" type="org.openqa.selenium.InvalidSelectorException">org.openqa.selenium.InvalidSelectorException: 
invalid selector: Unable to locate an element with the xpath expression //div[@class=inputs date-of-birth] because of the following error:
SyntaxError: Failed to execute 'evaluate' on 'Document': The string '//div[@class=inputs date-of-birth]' is not a valid XPath expression.
  (Session info: chrome=113.0.5672.127)
For documentation on this error, please visit: http://seleniumhq.org/exceptions/invalid_selector_exception.html
Build info: version: '3.14.0', revision: 'aacccce0', time: '2018-08-02T20:19:58.91Z'
System info: host: 'BHUMI', ip: '192.168.0.121', os.name: 'Windows 11', os.arch: 'amd64', os.version: '10.0', java.version: '1.8.0_352'
Driver info: org.openqa.selenium.chrome.ChromeDriver
Capabilities {acceptInsecureCerts: false, browserName: chrome, browserVersion: 113.0.5672.127, chrome: {chromedriverVersion: 113.0.5672.63 (0e1a4471d5ae..., userDataDir: C:\Users\sutha\AppData\Loca...}, goog:chromeOptions: {debuggerAddress: localhost:51704}, javascriptEnabled: true, networkConnectionEnabled: false, pageLoadStrategy: normal, platform: WINDOWS, platformName: WINDOWS, proxy: Proxy(), setWindowRect: true, strictFileInteractability: false, timeouts: {implicit: 0, pageLoad: 300000, script: 30000}, unhandledPromptBehavior: dismiss and notify, webauthn:extension:credBlob: true, webauthn:extension:largeBlob: true, webauthn:extension:minPinLength: true, webauthn:extension:prf: true, webauthn:virtualAuthenticators: true}
Session ID: 0083a2ea95530e89e0bfb32de0c17386
*** Element info: {Using=xpath, value=//div[@class=inputs date-of-birth]}
</error>
    <system-out><![CDATA[[{gender=male, firstName=Nitin, lastName=Patel, dateOfBirth=12/6/1976, email=nit65@hotmail.com, password=ab12cd, confirmPassword=ab12cd}]
      | gender | firstName | lastName | dateOfBirth | email             | password | confirmPassword |
      | male   | Nitin     | Patel    | 12/6/1976   | nit65@hotmail.com | ab12cd   | ab12cd          |

]]></system-out>
  </testcase>
  <testcase name="| male | Nitin | Patel | 12/6/1976 | nit65@hotmail.com | ab12cd | ab12cd |" classname="| male | Nitin | Patel | 12/6/1976 | nit65@hotmail.com | ab12cd | ab12cd |" time="0.004">
    <error message="invalid selector: Unable to locate an element with the xpath expression //div[@class=inputs date-of-birth] because of the following error:&#10;SyntaxError: Failed to execute &apos;evaluate&apos; on &apos;Document&apos;: The string &apos;//div[@class=inputs date-of-birth]&apos; is not a valid XPath expression.&#10;  (Session info: chrome=113.0.5672.127)&#10;For documentation on this error, please visit: http://seleniumhq.org/exceptions/invalid_selector_exception.html&#10;Build info: version: &apos;3.14.0&apos;, revision: &apos;aacccce0&apos;, time: &apos;2018-08-02T20:19:58.91Z&apos;&#10;System info: host: &apos;BHUMI&apos;, ip: &apos;192.168.0.121&apos;, os.name: &apos;Windows 11&apos;, os.arch: &apos;amd64&apos;, os.version: &apos;10.0&apos;, java.version: &apos;1.8.0_352&apos;&#10;Driver info: org.openqa.selenium.chrome.ChromeDriver&#10;Capabilities {acceptInsecureCerts: false, browserName: chrome, browserVersion: 113.0.5672.127, chrome: {chromedriverVersion: 113.0.5672.63 (0e1a4471d5ae..., userDataDir: C:\Users\sutha\AppData\Loca...}, goog:chromeOptions: {debuggerAddress: localhost:51704}, javascriptEnabled: true, networkConnectionEnabled: false, pageLoadStrategy: normal, platform: WINDOWS, platformName: WINDOWS, proxy: Proxy(), setWindowRect: true, strictFileInteractability: false, timeouts: {implicit: 0, pageLoad: 300000, script: 30000}, unhandledPromptBehavior: dismiss and notify, webauthn:extension:credBlob: true, webauthn:extension:largeBlob: true, webauthn:extension:minPinLength: true, webauthn:extension:prf: true, webauthn:virtualAuthenticators: true}&#10;Session ID: 0083a2ea95530e89e0bfb32de0c17386&#10;*** Element info: {Using=xpath, value=//div[@class=inputs date-of-birth]}" type="org.openqa.selenium.InvalidSelectorException">org.openqa.selenium.InvalidSelectorException: 
invalid selector: Unable to locate an element with the xpath expression //div[@class=inputs date-of-birth] because of the following error:
SyntaxError: Failed to execute 'evaluate' on 'Document': The string '//div[@class=inputs date-of-birth]' is not a valid XPath expression.
  (Session info: chrome=113.0.5672.127)
For documentation on this error, please visit: http://seleniumhq.org/exceptions/invalid_selector_exception.html
Build info: version: '3.14.0', revision: 'aacccce0', time: '2018-08-02T20:19:58.91Z'
System info: host: 'BHUMI', ip: '192.168.0.121', os.name: 'Windows 11', os.arch: 'amd64', os.version: '10.0', java.version: '1.8.0_352'
Driver info: org.openqa.selenium.chrome.ChromeDriver
Capabilities {acceptInsecureCerts: false, browserName: chrome, browserVersion: 113.0.5672.127, chrome: {chromedriverVersion: 113.0.5672.63 (0e1a4471d5ae..., userDataDir: C:\Users\sutha\AppData\Loca...}, goog:chromeOptions: {debuggerAddress: localhost:51704}, javascriptEnabled: true, networkConnectionEnabled: false, pageLoadStrategy: normal, platform: WINDOWS, platformName: WINDOWS, proxy: Proxy(), setWindowRect: true, strictFileInteractability: false, timeouts: {implicit: 0, pageLoad: 300000, script: 30000}, unhandledPromptBehavior: dismiss and notify, webauthn:extension:credBlob: true, webauthn:extension:largeBlob: true, webauthn:extension:minPinLength: true, webauthn:extension:prf: true, webauthn:virtualAuthenticators: true}
Session ID: 0083a2ea95530e89e0bfb32de0c17386
*** Element info: {Using=xpath, value=//div[@class=inputs date-of-birth]}
</error>
  </testcase>
  <testcase name="And I click on register button" classname="| male | Nitin | Patel | 12/6/1976 | nit65@hotmail.com | ab12cd | ab12cd |" time="0">
    <skipped/>
  </testcase>
  <testcase name="Then I should see continue button &amp; text &quot;Your registration completed&quot;" classname="| male | Nitin | Patel | 12/6/1976 | nit65@hotmail.com | ab12cd | ab12cd |" time="0">
    <skipped/>
  </testcase>
  <testcase name="Given I am on homepage" classname="| female | Trisha | Panchal | 17/4/1980 | Panchi@yahoo.com | cdef34 | cdef34 |" time="0"/>
  <testcase name="When I click on register button" classname="| female | Trisha | Panchal | 17/4/1980 | Panchi@yahoo.com | cdef34 | cdef34 |" time="0"/>
  <testcase name="And I enter following details for registration" classname="| female | Trisha | Panchal | 17/4/1980 | Panchi@yahoo.com | cdef34 | cdef34 |" time="0.001">
    <error message="invalid selector: Unable to locate an element with the xpath expression //div[@class=inputs date-of-birth] because of the following error:&#10;SyntaxError: Failed to execute &apos;evaluate&apos; on &apos;Document&apos;: The string &apos;//div[@class=inputs date-of-birth]&apos; is not a valid XPath expression.&#10;  (Session info: chrome=113.0.5672.127)&#10;For documentation on this error, please visit: http://seleniumhq.org/exceptions/invalid_selector_exception.html&#10;Build info: version: &apos;3.14.0&apos;, revision: &apos;aacccce0&apos;, time: &apos;2018-08-02T20:19:58.91Z&apos;&#10;System info: host: &apos;BHUMI&apos;, ip: &apos;192.168.0.121&apos;, os.name: &apos;Windows 11&apos;, os.arch: &apos;amd64&apos;, os.version: &apos;10.0&apos;, java.version: &apos;1.8.0_352&apos;&#10;Driver info: org.openqa.selenium.chrome.ChromeDriver&#10;Capabilities {acceptInsecureCerts: false, browserName: chrome, browserVersion: 113.0.5672.127, chrome: {chromedriverVersion: 113.0.5672.63 (0e1a4471d5ae..., userDataDir: C:\Users\sutha\AppData\Loca...}, goog:chromeOptions: {debuggerAddress: localhost:51725}, javascriptEnabled: true, networkConnectionEnabled: false, pageLoadStrategy: normal, platform: WINDOWS, platformName: WINDOWS, proxy: Proxy(), setWindowRect: true, strictFileInteractability: false, timeouts: {implicit: 0, pageLoad: 300000, script: 30000}, unhandledPromptBehavior: dismiss and notify, webauthn:extension:credBlob: true, webauthn:extension:largeBlob: true, webauthn:extension:minPinLength: true, webauthn:extension:prf: true, webauthn:virtualAuthenticators: true}&#10;Session ID: cc7652a905ab5b30ccc8f4898e3b350c&#10;*** Element info: {Using=xpath, value=//div[@class=inputs date-of-birth]}" type="org.openqa.selenium.InvalidSelectorException">org.openqa.selenium.InvalidSelectorException: 
invalid selector: Unable to locate an element with the xpath expression //div[@class=inputs date-of-birth] because of the following error:
SyntaxError: Failed to execute 'evaluate' on 'Document': The string '//div[@class=inputs date-of-birth]' is not a valid XPath expression.
  (Session info: chrome=113.0.5672.127)
For documentation on this error, please visit: http://seleniumhq.org/exceptions/invalid_selector_exception.html
Build info: version: '3.14.0', revision: 'aacccce0', time: '2018-08-02T20:19:58.91Z'
System info: host: 'BHUMI', ip: '192.168.0.121', os.name: 'Windows 11', os.arch: 'amd64', os.version: '10.0', java.version: '1.8.0_352'
Driver info: org.openqa.selenium.chrome.ChromeDriver
Capabilities {acceptInsecureCerts: false, browserName: chrome, browserVersion: 113.0.5672.127, chrome: {chromedriverVersion: 113.0.5672.63 (0e1a4471d5ae..., userDataDir: C:\Users\sutha\AppData\Loca...}, goog:chromeOptions: {debuggerAddress: localhost:51725}, javascriptEnabled: true, networkConnectionEnabled: false, pageLoadStrategy: normal, platform: WINDOWS, platformName: WINDOWS, proxy: Proxy(), setWindowRect: true, strictFileInteractability: false, timeouts: {implicit: 0, pageLoad: 300000, script: 30000}, unhandledPromptBehavior: dismiss and notify, webauthn:extension:credBlob: true, webauthn:extension:largeBlob: true, webauthn:extension:minPinLength: true, webauthn:extension:prf: true, webauthn:virtualAuthenticators: true}
Session ID: cc7652a905ab5b30ccc8f4898e3b350c
*** Element info: {Using=xpath, value=//div[@class=inputs date-of-birth]}
</error>
    <system-out><![CDATA[[{gender=female, firstName=Trisha, lastName=Panchal, dateOfBirth=17/4/1980, email=Panchi@yahoo.com, password=cdef34, confirmPassword=cdef34}]
      | gender | firstName | lastName | dateOfBirth | email            | password | confirmPassword |
      | female | Trisha    | Panchal  | 17/4/1980   | Panchi@yahoo.com | cdef34   | cdef34          |

]]></system-out>
  </testcase>
  <testcase name="| female | Trisha | Panchal | 17/4/1980 | Panchi@yahoo.com | cdef34 | cdef34 |" classname="| female | Trisha | Panchal | 17/4/1980 | Panchi@yahoo.com | cdef34 | cdef34 |" time="0.002">
    <error message="invalid selector: Unable to locate an element with the xpath expression //div[@class=inputs date-of-birth] because of the following error:&#10;SyntaxError: Failed to execute &apos;evaluate&apos; on &apos;Document&apos;: The string &apos;//div[@class=inputs date-of-birth]&apos; is not a valid XPath expression.&#10;  (Session info: chrome=113.0.5672.127)&#10;For documentation on this error, please visit: http://seleniumhq.org/exceptions/invalid_selector_exception.html&#10;Build info: version: &apos;3.14.0&apos;, revision: &apos;aacccce0&apos;, time: &apos;2018-08-02T20:19:58.91Z&apos;&#10;System info: host: &apos;BHUMI&apos;, ip: &apos;192.168.0.121&apos;, os.name: &apos;Windows 11&apos;, os.arch: &apos;amd64&apos;, os.version: &apos;10.0&apos;, java.version: &apos;1.8.0_352&apos;&#10;Driver info: org.openqa.selenium.chrome.ChromeDriver&#10;Capabilities {acceptInsecureCerts: false, browserName: chrome, browserVersion: 113.0.5672.127, chrome: {chromedriverVersion: 113.0.5672.63 (0e1a4471d5ae..., userDataDir: C:\Users\sutha\AppData\Loca...}, goog:chromeOptions: {debuggerAddress: localhost:51725}, javascriptEnabled: true, networkConnectionEnabled: false, pageLoadStrategy: normal, platform: WINDOWS, platformName: WINDOWS, proxy: Proxy(), setWindowRect: true, strictFileInteractability: false, timeouts: {implicit: 0, pageLoad: 300000, script: 30000}, unhandledPromptBehavior: dismiss and notify, webauthn:extension:credBlob: true, webauthn:extension:largeBlob: true, webauthn:extension:minPinLength: true, webauthn:extension:prf: true, webauthn:virtualAuthenticators: true}&#10;Session ID: cc7652a905ab5b30ccc8f4898e3b350c&#10;*** Element info: {Using=xpath, value=//div[@class=inputs date-of-birth]}" type="org.openqa.selenium.InvalidSelectorException">org.openqa.selenium.InvalidSelectorException: 
invalid selector: Unable to locate an element with the xpath expression //div[@class=inputs date-of-birth] because of the following error:
SyntaxError: Failed to execute 'evaluate' on 'Document': The string '//div[@class=inputs date-of-birth]' is not a valid XPath expression.
  (Session info: chrome=113.0.5672.127)
For documentation on this error, please visit: http://seleniumhq.org/exceptions/invalid_selector_exception.html
Build info: version: '3.14.0', revision: 'aacccce0', time: '2018-08-02T20:19:58.91Z'
System info: host: 'BHUMI', ip: '192.168.0.121', os.name: 'Windows 11', os.arch: 'amd64', os.version: '10.0', java.version: '1.8.0_352'
Driver info: org.openqa.selenium.chrome.ChromeDriver
Capabilities {acceptInsecureCerts: false, browserName: chrome, browserVersion: 113.0.5672.127, chrome: {chromedriverVersion: 113.0.5672.63 (0e1a4471d5ae..., userDataDir: C:\Users\sutha\AppData\Loca...}, goog:chromeOptions: {debuggerAddress: localhost:51725}, javascriptEnabled: true, networkConnectionEnabled: false, pageLoadStrategy: normal, platform: WINDOWS, platformName: WINDOWS, proxy: Proxy(), setWindowRect: true, strictFileInteractability: false, timeouts: {implicit: 0, pageLoad: 300000, script: 30000}, unhandledPromptBehavior: dismiss and notify, webauthn:extension:credBlob: true, webauthn:extension:largeBlob: true, webauthn:extension:minPinLength: true, webauthn:extension:prf: true, webauthn:virtualAuthenticators: true}
Session ID: cc7652a905ab5b30ccc8f4898e3b350c
*** Element info: {Using=xpath, value=//div[@class=inputs date-of-birth]}
</error>
  </testcase>
  <testcase name="And I click on register button" classname="| female | Trisha | Panchal | 17/4/1980 | Panchi@yahoo.com | cdef34 | cdef34 |" time="0">
    <skipped/>
  </testcase>
  <testcase name="Then I should see continue button &amp; text &quot;Your registration completed&quot;" classname="| female | Trisha | Panchal | 17/4/1980 | Panchi@yahoo.com | cdef34 | cdef34 |" time="0">
    <skipped/>
  </testcase>
</testsuite>